2016-06-01 08:24:34,906 INFO  ~ Starting /home/adji/Desktop/work/laguardiana/laguardiana_play_glory/play
2016-06-01 08:24:36,609 WARN  ~ You're running Play! in DEV mode
2016-06-01 08:24:36,726 INFO  ~ Listening for HTTP on port 9000 (Waiting a first request to start) ...
2016-06-01 08:24:45,249 INFO  ~ Connected to jdbc:postgresql://localhost/lg_prev
2016-06-01 08:24:46,695 INFO  ~ Application 'Cajero' is now started !
2016-06-01 08:24:46,838 INFO  ~ Configuring glory on serial port /dev/ttyS0
2016-06-01 08:24:46,840 DEBUG ~ app path /home/adji/Desktop/work/laguardiana/laguardiana_play_glory/play/lib/Linux/amd64
2016-06-01 08:24:46,859 INFO  ~ Configuring glory
2016-06-01 08:24:46,860 INFO  ~ Configuring ioboard on serial port /dev/ttyS1
2016-06-01 08:24:46,860 DEBUG ~ app path /home/adji/Desktop/work/laguardiana/laguardiana_play_glory/play/lib/Linux/amd64
2016-06-01 08:24:46,861 DEBUG ~ Manager state : Executing goto neutral
2016-06-01 08:24:46,862 DEBUG ~ GOTO NEUTRAL  
2016-06-01 08:24:46,866 INFO  ~ Configuring glory
2016-06-01 08:24:46,867 DEBUG ~ IoBoard status thread start
2016-06-01 08:24:46,867 DEBUG ~ IoBoard status thread started
2016-06-01 08:24:47,246 DEBUG ~ Printer status thread start
2016-06-01 08:24:47,246 DEBUG ~ Printer status thread started
2016-06-01 08:24:47,440 DEBUG ~ Printer setState : printerSTate PRINTER_SPOOL_PROBLEM stateDesc Printer Stopped
2016-06-01 08:24:47,485 DEBUG ~ OnPrinterEvent event printerState=PRINTER_SPOOL_PROBLEM, stateDesc=Printer Stopped, error=null
2016-06-01 08:24:51,863 DEBUG ~ Error reading from port: java.io.IOException: java.util.concurrent.TimeoutException: timeout : 5000
2016-06-01 08:24:51,863 ERROR ~ Error : java.io.IOException: Error reading from port
2016-06-01 08:24:51,863 ERROR ~ Error : java.io.IOException: Error reading from port
2016-06-01 08:24:51,863 ERROR ~ Error : java.io.IOException: Error reading from port
2016-06-01 08:24:51,863 ERROR ~ Error Error reading from port sending cmd : SENSE
2016-06-01 08:24:51,864 ERROR ~ MANAGER ERROR : code = GLORY_MANAGER_ERROR, detail = Error reading from port
2016-06-01 08:24:51,864 DEBUG ~ Manager state : Executing goto neutral DONE
2016-06-01 08:24:51,874 DEBUG ~ OnGloryEvent event ManagerStatus{state=INITIALIZING, error=code = GLORY_MANAGER_ERROR, detail = Error reading from port, bills={}}
2016-06-01 08:24:51,874 ERROR ~ OnGloryEvent current user action is null : INITIALIZING
2016-06-01 08:24:51,876 DEBUG ~ OnGloryEvent event ManagerStatus{state=ERROR, error=code = GLORY_MANAGER_ERROR, detail = Error reading from port, bills={}}
2016-06-01 08:24:51,876 DEBUG ~ Error in gloryError code = GLORY_MANAGER_ERROR, detail = Error reading from port
2016-06-01 08:24:52,644 INFO  ~ 	role: LgRole{roleId=16, name=CounterController}
2016-06-01 08:24:52,648 INFO  ~ 	role: LgRole{roleId=2, name=guest}
2016-06-01 08:24:52,654 INFO  ~ 	role: LgRole{roleId=16, name=CounterController}
2016-06-01 08:24:52,654 INFO  ~ 	role: LgRole{roleId=2, name=guest}
2016-06-01 08:24:52,679 ERROR ~ User Guest User not allowed to access MenuController.hardwareMenu GET
2016-06-01 08:24:52,783 ERROR ~ URL http://localhost:9000/ioboardcontroller/index
2016-06-01 08:24:55,912 INFO  ~ received user: admin password: 
2016-06-01 08:24:55,926 INFO  ~ 	role: LgRole{roleId=1, name=admin}
2016-06-01 08:24:55,930 DEBUG ~ Validating user admin
2016-06-01 08:24:55,938 DEBUG ~ crapAuth key 127001
2016-06-01 08:24:55,940 DEBUG ~ Validated user admin
2016-06-01 08:25:04,541 DEBUG ~ wizardFixPage REDIRECT TO neededController CounterController : neededAction counterError
2016-06-01 08:25:04,588 DEBUG ~ Needed action : counterError  Needed controller : CounterController
2016-06-01 08:25:04,594 DEBUG ~ Error in gloryError code = GLORY_MANAGER_ERROR, detail = Error reading from port
2016-06-01 08:25:04,869 DEBUG ~ Error in gloryError code = GLORY_MANAGER_ERROR, detail = Error reading from port
2016-06-01 08:25:05,371 DEBUG ~ Error in gloryError code = GLORY_MANAGER_ERROR, detail = Error reading from port
2016-06-01 08:25:05,696 DEBUG ~ Needed action : counterError  Needed controller : CounterController
2016-06-01 08:25:05,700 DEBUG ~ getCurrentCommand ret devices.glory.manager.command.ResetCommand@288d88a2
2016-06-01 08:25:05,701 DEBUG ~ IoBoard writting E
2016-06-01 08:25:05,701 DEBUG ~ Manager state : ResetCommand
2016-06-01 08:25:05,701 DEBUG ~ Reset command
2016-06-01 08:25:05,706 DEBUG ~ GOTO NEUTRAL  FORCE EMPTY HOPER
2016-06-01 08:25:05,721 DEBUG ~ OnGloryEvent event ManagerStatus{state=INITIALIZING, error=null, bills={}}
2016-06-01 08:25:05,722 ERROR ~ OnGloryEvent current user action is null : INITIALIZING
2016-06-01 08:25:07,514 DEBUG ~ onApplicationStop Close all ports
2016-06-01 08:25:07,514 DEBUG ~ Closing Manager
2016-06-01 08:25:07,514 DEBUG ~ Closing Manager Stop
2016-06-01 08:25:07,515 DEBUG ~ Closing Manager waitUntilStop
2016-06-01 08:25:10,707 DEBUG ~ Error reading from port: java.io.IOException: java.util.concurrent.TimeoutException: timeout : 5000
2016-06-01 08:25:10,707 ERROR ~ Error : java.io.IOException: Error reading from port
2016-06-01 08:25:10,707 ERROR ~ Error : java.io.IOException: Error reading from port
2016-06-01 08:25:10,707 ERROR ~ Error : java.io.IOException: Error reading from port
2016-06-01 08:25:10,708 ERROR ~ Error Error reading from port sending cmd : SENSE
2016-06-01 08:25:10,708 ERROR ~ MANAGER ERROR : code = GLORY_MANAGER_ERROR, detail = Error reading from port
2016-06-01 08:25:10,708 DEBUG ~ Reset command failed
2016-06-01 08:25:10,708 DEBUG ~ currentCommandDone ret ResetCommand
2016-06-01 08:25:10,708 DEBUG ~ Executing GotoNeutral command on Stop
2016-06-01 08:25:10,708 DEBUG ~ GOTO NEUTRAL  
2016-06-01 08:25:10,708 DEBUG ~ GOTO NEUTRAL MUST CANCEL
2016-06-01 08:25:10,708 DEBUG ~ GOTO NEUTRAL CANCELED...
2016-06-01 08:25:10,708 DEBUG ~ GOTO NEUTRAL DONE CANCEL
2016-06-01 08:25:10,709 DEBUG ~ Executing GotoNeutral command on Stop done
2016-06-01 08:25:10,709 DEBUG ~ thread stopped
2016-06-01 08:25:10,709 DEBUG ~ Closing Manager done
2016-06-01 08:25:10,709 DEBUG ~ Closing glory Device
2016-06-01 08:25:10,709 INFO  ~ Closing glory serial port 
2016-06-01 08:25:10,709 DEBUG ~ Closing serial port /dev/ttyS0
2016-06-01 08:25:10,710 DEBUG ~ Closing ioBoard Device
2016-06-01 08:25:10,876 DEBUG ~ IOBOARD status thread done
2016-06-01 08:25:10,918 DEBUG ~ Closing serial port /dev/ttyS1
2016-06-01 08:25:10,918 DEBUG ~ Closing printer NII_W2K203DPI_USB
2016-06-01 08:25:11,142 INFO  ~ Starting /home/adji/Desktop/work/laguardiana/laguardiana_play_glory/play
2016-06-01 08:25:11,643 DEBUG ~ Printer status thread done
2016-06-01 08:25:11,643 DEBUG ~ onApplicationStop Close all ports DONE
2016-06-01 08:25:12,796 INFO  ~ Precompiling ...
2016-06-01 08:25:26,407 INFO  ~ Done.
2016-06-01 08:28:37,111 INFO  ~ Starting /home/adji/Desktop/work/laguardiana/laguardiana_play_glory/play
2016-06-01 08:28:38,826 INFO  ~ Precompiling ...
